From folder:	 C:\Users\zhenlun\Desktop\medras actual new\Medras-MC-master/ 

Data for: examplesdd.txt
0 	 25 	 0 	 4	2	0		0 	 0 	 0 	 0		1		
1 	 32 	 0 	 4	4	0		0 	 1 	 0 	 1		0		
2 	 39 	 0 	 4	2	0		0 	 1 	 0 	 1		0		
3 	 35 	 0 	 4	2	2		0 	 0 	 0 	 0		1		
4 	 38 	 0 	 11	6	2		1 	 2 	 0 	 3		0		
5 	 34 	 0 	 2	2	0		0 	 0 	 0 	 0		1		
6 	 40 	 0 	 11	7	4		1 	 1 	 0 	 2		0		
7 	 47 	 0 	 13	8	0		0 	 3 	 0 	 3		0		
8 	 20 	 0 	 2	0	0		0 	 0 	 0 	 0		1		
9 	 50 	 0 	 6	2	0		0 	 1 	 0 	 1		0		
10 	 42 	 0 	 10	8	2		1 	 3 	 0 	 4		0		
11 	 33 	 0 	 6	6	0		0 	 1 	 0 	 1		0		
12 	 39 	 0 	 6	6	0		0 	 2 	 0 	 2		0		
13 	 20 	 0 	 2	2	0		0 	 0 	 0 	 0		1		
14 	 18 	 0 	 7	5	0		0 	 1 	 0 	 1		0		
15 	 40 	 0 	 9	4	2		0 	 2 	 0 	 2		0		
16 	 43 	 0 	 7	6	0		0 	 1 	 0 	 1		0		
17 	 31 	 0 	 2	2	0		0 	 1 	 0 	 1		0		
18 	 20 	0	0	No misrepair!
19 	 32 	 0 	 6	4	2		0 	 2 	 0 	 2		0		
20 	 26 	 0 	 4	4	0		0 	 1 	 0 	 1		0		
21 	 62 	 0 	 13	8	0		0 	 2 	 0 	 2		0		
22 	 54 	 0 	 12	6	4		1 	 2 	 0 	 3		0		
23 	 27 	 0 	 9	7	0		0 	 1 	 0 	 1		0		
24 	 48 	 0 	 4	2	2		1 	 0 	 0 	 1		0		
25 	 26 	 0 	 4	4	0		0 	 1 	 0 	 1		0		
26 	 41 	 0 	 9	8	0		0 	 2 	 0 	 2		0		
27 	 53 	 0 	 11	6	0		0 	 1 	 0 	 1		0		
28 	 19 	 0 	 2	2	0		0 	 1 	 0 	 1		0		
29 	 15 	 0 	 4	0	2		0 	 0 	 0 	 0		1		
30 	 14 	 0 	 3	2	0		0 	 0 	 0 	 0		1		
31 	 24 	0	0	No misrepair!
32 	 34 	0	0	No misrepair!
33 	 34 	 0 	 4	4	0		0 	 1 	 0 	 1		0		
34 	 52 	 0 	 14	6	6		1 	 2 	 0 	 3		0		
35 	 37 	 0 	 2	2	0		0 	 0 	 0 	 0		1		
36 	 26 	 0 	 3	0	0		0 	 0 	 0 	 0		1		
37 	 32 	 0 	 5	5	0		0 	 1 	 0 	 1		0		
38 	 34 	 0 	 11	9	2		0 	 3 	 0 	 3		0		
39 	 28 	 0 	 8	8	0		0 	 1 	 0 	 1		0		
40 	 20 	0	0	No misrepair!
41 	 52 	 0 	 10	10	0		0 	 2 	 0 	 2		0		
42 	 59 	 0 	 18	16	0		0 	 4 	 0 	 4		0		
43 	 28 	 0 	 9	3	6		3 	 0 	 0 	 3		0		
44 	 22 	0	0	No misrepair!
45 	 37 	 0 	 11	9	2		1 	 2 	 0 	 3		0		
46 	 20 	 0 	 2	0	0		0 	 0 	 0 	 0		1		
47 	 59 	 0 	 6	4	0		0 	 1 	 0 	 1		0		
48 	 48 	 0 	 10	4	0		0 	 0 	 0 	 0		1		
49 	 30 	 0 	 7	5	2		1 	 2 	 0 	 3		0		
50 	 10 	 0 	 2	2	0		0 	 1 	 0 	 1		0		
51 	 38 	 0 	 4	2	2		1 	 0 	 0 	 1		0		
52 	 31 	 0 	 6	6	0		0 	 0 	 0 	 0		1		
53 	 37 	 0 	 7	2	2		0 	 1 	 0 	 1		0		
54 	 21 	 0 	 4	4	0		0 	 1 	 0 	 1		0		
55 	 29 	 0 	 4	2	0		0 	 0 	 0 	 0		1		
56 	 49 	 0 	 7	2	2		0 	 1 	 0 	 1		0		
57 	 47 	 0 	 6	6	0		0 	 1 	 0 	 1		0		
58 	 29 	 0 	 6	4	0		0 	 0 	 0 	 0		1		
59 	 23 	0	0	No misrepair!
60 	 40 	 0 	 6	6	0		0 	 3 	 0 	 3		0		
61 	 23 	 0 	 5	5	0		0 	 0 	 0 	 0		1		
62 	 31 	 0 	 6	2	0		0 	 0 	 0 	 0		1		
63 	 41 	 0 	 6	4	0		0 	 1 	 0 	 1		0		
64 	 24 	 0 	 6	6	0		0 	 1 	 0 	 1		0		
65 	 30 	 0 	 6	2	0		0 	 1 	 0 	 1		0		
66 	 43 	 0 	 9	5	0		0 	 0 	 0 	 0		1		
67 	 39 	 0 	 14	9	4		1 	 2 	 0 	 3		0		
68 	 29 	 0 	 4	2	0		0 	 1 	 0 	 1		0		
69 	 36 	 0 	 4	4	0		0 	 1 	 0 	 1		0		
70 	 44 	 0 	 4	4	0		0 	 1 	 0 	 1		0		
71 	 26 	 0 	 2	0	0		0 	 0 	 0 	 0		1		
72 	 24 	 0 	 4	2	0		0 	 0 	 0 	 0		1		
73 	 42 	 0 	 8	7	0		0 	 1 	 0 	 1		0		
74 	 29 	 0 	 4	2	0		0 	 1 	 0 	 1		0		
75 	 40 	 0 	 9	8	0		0 	 2 	 0 	 2		0		
76 	 21 	0	0	No misrepair!
77 	 46 	 0 	 11	7	2		0 	 1 	 0 	 1		0		
78 	 17 	 0 	 5	5	0		0 	 1 	 0 	 1		0		
79 	 63 	 0 	 10	4	2		0 	 0 	 0 	 0		1		
80 	 39 	 0 	 8	2	2		1 	 0 	 0 	 1		0		
81 	 31 	 0 	 4	4	0		0 	 1 	 0 	 1		0		
82 	 41 	 0 	 9	3	0		0 	 0 	 0 	 0		1		
83 	 25 	 0 	 4	2	0		0 	 1 	 0 	 1		0		
84 	 35 	 0 	 4	2	0		0 	 0 	 0 	 0		1		
85 	 30 	 0 	 6	4	0		0 	 1 	 0 	 1		0		
86 	 25 	 0 	 4	4	0		0 	 1 	 0 	 1		0		
87 	 33 	 0 	 4	4	0		0 	 1 	 0 	 1		0		
88 	 35 	 0 	 2	2	0		0 	 0 	 0 	 0		1		
89 	 28 	 0 	 4	4	0		0 	 2 	 0 	 2		0		
90 	 44 	 0 	 6	4	2		1 	 0 	 0 	 1		0		
91 	 35 	 0 	 10	3	2		0 	 1 	 0 	 1		0		
92 	 26 	 0 	 5	3	0		0 	 1 	 0 	 1		0		
93 	 42 	 0 	 13	11	0		0 	 1 	 0 	 1		0		
94 	 23 	0	0	No misrepair!
95 	 33 	 0 	 7	7	0		0 	 1 	 0 	 1		0		
96 	 12 	0	0	No misrepair!
97 	 24 	0	0	No misrepair!
98 	 30 	 0 	 9	4	4		1 	 1 	 0 	 2		0		
99 	 18 	0	0	No misrepair!
